<?xml version="1.0" encoding="UTF-8"?>
<testng-results skipped="0" failed="0" total="2" passed="2">
  <reporter-output>
  </reporter-output>
  <suite name="Default suite" duration-ms="73640" started-at="2019-03-17T10:26:13Z" finished-at="2019-03-17T10:27:26Z">
    <groups>
    </groups>
    <test name="Default test" duration-ms="73640" started-at="2019-03-17T10:26:13Z" finished-at="2019-03-17T10:27:26Z">
      <class name="Academy.HomePage">
        <test-method status="PASS" signature="initialize()[pri:0, instance:Academy.HomePage@49c386c8]" name="initialize" is-config="true" duration-ms="12442" started-at="2019-03-17T15:56:13Z" finished-at="2019-03-17T15:56:25Z">
          <reporter-output>
          </reporter-output>
        </test-method> <!-- initialize -->
        <test-method status="PASS" signature="basePageNavigation(java.lang.String, java.lang.String, java.lang.String)[pri:0, instance:Academy.HomePage@49c386c8]" name="basePageNavigation" duration-ms="35269" started-at="2019-03-17T15:56:25Z" data-provider="getData" finished-at="2019-03-17T15:57:00Z">
          <params>
            <param index="0">
              <value>
                <![CDATA[nonrestricteduser@qw.com]]>
              </value>
            </param>
            <param index="1">
              <value>
                <![CDATA[123456]]>
              </value>
            </param>
            <param index="2">
              <value>
                <![CDATA[Restrcited User]]>
              </value>
            </param>
          </params>
          <reporter-output>
          </reporter-output>
        </test-method> <!-- basePageNavigation -->
        <test-method status="PASS" signature="basePageNavigation(java.lang.String, java.lang.String, java.lang.String)[pri:0, instance:Academy.HomePage@49c386c8]" name="basePageNavigation" duration-ms="25848" started-at="2019-03-17T15:57:01Z" data-provider="getData" finished-at="2019-03-17T15:57:26Z">
          <params>
            <param index="0">
              <value>
                <![CDATA[restricteduser@qw.com]]>
              </value>
            </param>
            <param index="1">
              <value>
                <![CDATA[456788]]>
              </value>
            </param>
            <param index="2">
              <value>
                <![CDATA[Non restricted user]]>
              </value>
            </param>
          </params>
          <reporter-output>
          </reporter-output>
        </test-method> <!-- basePageNavigation -->
        <test-method status="PASS" signature="teardown()[pri:0, instance:Academy.HomePage@49c386c8]" name="teardown" is-config="true" duration-ms="43" started-at="2019-03-17T15:57:26Z" finished-at="2019-03-17T15:57:26Z">
          <reporter-output>
          </reporter-output>
        </test-method> <!-- teardown -->
      </class> <!-- Academy.HomePage -->
    </test> <!-- Default test -->
  </suite> <!-- Default suite -->
</testng-results>
